{
  "stats": {
    "suites": 1,
    "tests": 10,
    "passes": 10,
    "pending": 0,
    "failures": 0,
    "start": "2023-08-23T01:29:09.974Z",
    "end": "2023-08-23T01:29:10.758Z",
    "duration": 784,
    "testsRegistered": 10,
    "passPercent": 100,
    "pendingPercent": 0,
    "other": 0,
    "hasOther": false,
    "skipped": 0,
    "hasSkipped": false
  },
  "results": [
    {
      "uuid": "2712a16b-075f-4e9c-b671-575b362b2966",
      "title": "",
      "fullFile": "cypress\\e2e\\produtos.cy.js",
      "file": "cypress\\e2e\\produtos.cy.js",
      "beforeHooks": [],
      "afterHooks": [],
      "tests": [],
      "suites": [
        {
          "uuid": "945d99b2-e4da-48aa-9b74-ac7e0722828d",
          "title": "Produtos - Testes de API ServeRest",
          "fullFile": "",
          "file": "",
          "beforeHooks": [],
          "afterHooks": [],
          "tests": [
            {
              "title": "Deve validar contrato de produtos",
              "fullTitle": "Produtos - Testes de API ServeRest Deve validar contrato de produtos",
              "timedOut": null,
              "duration": 157,
              "state": "passed",
              "speed": "fast",
              "pass": true,
              "fail": false,
              "pending": false,
              "context": null,
              "code": "cy.request('produtos').then(response => {\n  _produtos.default.validateAsync(response.body);\n});",
              "err": {},
              "uuid": "0e65ea81-647f-4589-ab75-7ed74856f49d",
              "parentUUID": "945d99b2-e4da-48aa-9b74-ac7e0722828d",
              "isHook": false,
              "skipped": false
            },
            {
              "title": "Deve validar a lista de produtos cadastrados com sucesso",
              "fullTitle": "Produtos - Testes de API ServeRest Deve validar a lista de produtos cadastrados com sucesso",
              "timedOut": null,
              "duration": 15,
              "state": "passed",
              "speed": "fast",
              "pass": true,
              "fail": false,
              "pending": false,
              "context": null,
              "code": "cy.api('produtos').then(response => {\n  expect(response.body.produtos[0].nome).to.include(\"Ebac\");\n  expect(response.status).to.equal(200);\n  expect(response.body).to.have.property(\"produtos\");\n  expect(response.duration).to.be.lessThan(15);\n});",
              "err": {},
              "uuid": "2143b7ab-4daa-4f26-a43b-36419430e246",
              "parentUUID": "945d99b2-e4da-48aa-9b74-ac7e0722828d",
              "isHook": false,
              "skipped": false
            },
            {
              "title": "Deve validar mensagem de cadastro de produto",
              "fullTitle": "Produtos - Testes de API ServeRest Deve validar mensagem de cadastro de produto",
              "timedOut": null,
              "duration": 48,
              "state": "passed",
              "speed": "fast",
              "pass": true,
              "fail": false,
              "pending": false,
              "context": null,
              "code": "cy.cadastrarProduto(produto, valor, \"Novo Produto\", qtd, token).then(response => {\n  expect(response.status).to.equal(201);\n  expect(response.body.message).to.equal(\"Cadastro realizado com sucesso\");\n  return response.body._id;\n}).then(idNew => {\n  id = idNew;\n});",
              "err": {},
              "uuid": "0753bbae-7a7c-45bf-bf52-9badc02b76b6",
              "parentUUID": "945d99b2-e4da-48aa-9b74-ac7e0722828d",
              "isHook": false,
              "skipped": false
            },
            {
              "title": "Deve validar mensagem de erro para cadastro de produto repetido",
              "fullTitle": "Produtos - Testes de API ServeRest Deve validar mensagem de erro para cadastro de produto repetido",
              "timedOut": null,
              "duration": 62,
              "state": "passed",
              "speed": "fast",
              "pass": true,
              "fail": false,
              "pending": false,
              "context": null,
              "code": "cy.cadastrarProduto(\"Logitech MX Keys\", 250, \"Novo Produto\", 10, token).then(response => {\n  expect(response.status).to.equal(400);\n  expect(response.body.message).to.equal(\"Já existe produto com esse nome\");\n});",
              "err": {},
              "uuid": "03de9076-edec-4c8b-a970-69d82652789b",
              "parentUUID": "945d99b2-e4da-48aa-9b74-ac7e0722828d",
              "isHook": false,
              "skipped": false
            },
            {
              "title": "Deve validar a edição de um produto já cadastrado",
              "fullTitle": "Produtos - Testes de API ServeRest Deve validar a edição de um produto já cadastrado",
              "timedOut": null,
              "duration": 64,
              "state": "passed",
              "speed": "fast",
              "pass": true,
              "fail": false,
              "pending": false,
              "context": null,
              "code": "cy.api({\n  method: 'PUT',\n  url: `produtos/${id}`,\n  headers: {\n    authorization: token\n  },\n  body: {\n    nome: produto,\n    preco: valor,\n    descricao: 'Produto Editado',\n    quantidade: qtd\n  }\n}).then(response => {\n  expect(response.status).to.equal(200);\n  expect(response.body.message).to.equal('Registro alterado com sucesso');\n});",
              "err": {},
              "uuid": "9dec0869-2863-4a18-a46e-a1878bb37a68",
              "parentUUID": "945d99b2-e4da-48aa-9b74-ac7e0722828d",
              "isHook": false,
              "skipped": false
            },
            {
              "title": "Deve validar mensagem de erro ao tentar editar um produto enviar o campo preço",
              "fullTitle": "Produtos - Testes de API ServeRest Deve validar mensagem de erro ao tentar editar um produto enviar o campo preço",
              "timedOut": null,
              "duration": 78,
              "state": "passed",
              "speed": "fast",
              "pass": true,
              "fail": false,
              "pending": false,
              "context": null,
              "code": "cy.api({\n  method: 'PUT',\n  url: `produtos/${id}`,\n  headers: {\n    authorization: token\n  },\n  body: {\n    nome: produto,\n    descricao: 'Produto Editado',\n    quantidade: qtd\n  },\n  failOnStatusCode: false\n}).then(response => {\n  expect(response.status).to.equal(400);\n  expect(response.body.preco).to.equal('preco é obrigatório');\n});",
              "err": {},
              "uuid": "8ea9ff90-2d04-497b-ab14-8036dcfa8a6a",
              "parentUUID": "945d99b2-e4da-48aa-9b74-ac7e0722828d",
              "isHook": false,
              "skipped": false
            },
            {
              "title": "Deve validar mensagem de erro ao tentar editar um produto enviar o campo nome",
              "fullTitle": "Produtos - Testes de API ServeRest Deve validar mensagem de erro ao tentar editar um produto enviar o campo nome",
              "timedOut": null,
              "duration": 67,
              "state": "passed",
              "speed": "fast",
              "pass": true,
              "fail": false,
              "pending": false,
              "context": null,
              "code": "cy.api({\n  method: 'PUT',\n  url: `produtos/${id}`,\n  headers: {\n    authorization: token\n  },\n  body: {\n    preco: valor,\n    descricao: 'Produto Editado',\n    quantidade: qtd\n  },\n  failOnStatusCode: false\n}).then(response => {\n  expect(response.status).to.equal(400);\n  expect(response.body.nome).to.equal('nome é obrigatório');\n});",
              "err": {},
              "uuid": "ac86e96f-ea56-437a-ab9d-fb95953546fd",
              "parentUUID": "945d99b2-e4da-48aa-9b74-ac7e0722828d",
              "isHook": false,
              "skipped": false
            },
            {
              "title": "Deve validar mensagem de erro ao tentar editar um produto enviar o campo descrição",
              "fullTitle": "Produtos - Testes de API ServeRest Deve validar mensagem de erro ao tentar editar um produto enviar o campo descrição",
              "timedOut": null,
              "duration": 76,
              "state": "passed",
              "speed": "fast",
              "pass": true,
              "fail": false,
              "pending": false,
              "context": null,
              "code": "cy.api({\n  method: 'PUT',\n  url: `produtos/${id}`,\n  headers: {\n    authorization: token\n  },\n  body: {\n    nome: produto,\n    preco: valor,\n    quantidade: qtd\n  },\n  failOnStatusCode: false\n}).then(response => {\n  expect(response.status).to.equal(400);\n  expect(response.body.descricao).to.equal('descricao é obrigatório');\n});",
              "err": {},
              "uuid": "7c9bbc2a-95da-4c27-90c7-9d5d8fe22794",
              "parentUUID": "945d99b2-e4da-48aa-9b74-ac7e0722828d",
              "isHook": false,
              "skipped": false
            },
            {
              "title": "Deve validar mensagem de erro ao tentar editar um produto enviar o campo quantidade",
              "fullTitle": "Produtos - Testes de API ServeRest Deve validar mensagem de erro ao tentar editar um produto enviar o campo quantidade",
              "timedOut": null,
              "duration": 67,
              "state": "passed",
              "speed": "fast",
              "pass": true,
              "fail": false,
              "pending": false,
              "context": null,
              "code": "cy.api({\n  method: 'PUT',\n  url: `produtos/${id}`,\n  headers: {\n    authorization: token\n  },\n  body: {\n    nome: produto,\n    preco: valor,\n    descricao: 'Produto Editado'\n  },\n  failOnStatusCode: false\n}).then(response => {\n  expect(response.status).to.equal(400);\n  expect(response.body.quantidade).to.equal('quantidade é obrigatório');\n});",
              "err": {},
              "uuid": "eb9859eb-1511-49f4-8a01-26dd61b4875c",
              "parentUUID": "945d99b2-e4da-48aa-9b74-ac7e0722828d",
              "isHook": false,
              "skipped": false
            },
            {
              "title": "Deve validar a exclusão de um produto cadastrado",
              "fullTitle": "Produtos - Testes de API ServeRest Deve validar a exclusão de um produto cadastrado",
              "timedOut": null,
              "duration": 64,
              "state": "passed",
              "speed": "fast",
              "pass": true,
              "fail": false,
              "pending": false,
              "context": null,
              "code": "cy.api({\n  method: 'DELETE',\n  url: `produtos/${id}`,\n  headers: {\n    authorization: token\n  }\n}).then(response => {\n  expect(response.status).to.equal(200);\n  expect(response.body.message).to.equal('Registro excluído com sucesso');\n});",
              "err": {},
              "uuid": "ee8003dc-5d41-4c1c-b4f3-df52e0a43003",
              "parentUUID": "945d99b2-e4da-48aa-9b74-ac7e0722828d",
              "isHook": false,
              "skipped": false
            }
          ],
          "suites": [],
          "passes": [
            "0e65ea81-647f-4589-ab75-7ed74856f49d",
            "2143b7ab-4daa-4f26-a43b-36419430e246",
            "0753bbae-7a7c-45bf-bf52-9badc02b76b6",
            "03de9076-edec-4c8b-a970-69d82652789b",
            "9dec0869-2863-4a18-a46e-a1878bb37a68",
            "8ea9ff90-2d04-497b-ab14-8036dcfa8a6a",
            "ac86e96f-ea56-437a-ab9d-fb95953546fd",
            "7c9bbc2a-95da-4c27-90c7-9d5d8fe22794",
            "eb9859eb-1511-49f4-8a01-26dd61b4875c",
            "ee8003dc-5d41-4c1c-b4f3-df52e0a43003"
          ],
          "failures": [],
          "pending": [],
          "skipped": [],
          "duration": 698,
          "root": false,
          "rootEmpty": false,
          "_timeout": 2000
        }
      ],
      "passes": [],
      "failures": [],
      "pending": [],
      "skipped": [],
      "duration": 0,
      "root": true,
      "rootEmpty": true,
      "_timeout": 2000
    }
  ],
  "meta": {
    "mocha": {
      "version": "7.0.1"
    },
    "mochawesome": {
      "options": {
        "quiet": false,
        "reportFilename": "mochawesome",
        "saveHtml": false,
        "saveJson": true,
        "consoleReporter": "spec",
        "useInlineDiffs": false,
        "code": true
      },
      "version": "7.1.3"
    },
    "marge": {
      "options": {
        "reportDir": "mochawesome-report",
        "overwrite": false,
        "html": false,
        "json": true
      },
      "version": "6.2.0"
    }
  }
}