{
  "stats": {
    "suites": 1,
    "tests": 10,
    "passes": 10,
    "pending": 0,
    "failures": 0,
    "start": "2023-08-31T01:22:29.848Z",
    "end": "2023-08-31T01:22:30.487Z",
    "duration": 639,
    "testsRegistered": 10,
    "passPercent": 100,
    "pendingPercent": 0,
    "other": 0,
    "hasOther": false,
    "skipped": 0,
    "hasSkipped": false
  },
  "results": [
    {
      "uuid": "3d7cf5bb-5105-4d53-9266-58d02c1d9f99",
      "title": "",
      "fullFile": "cypress\\e2e\\produtos.cy.js",
      "file": "cypress\\e2e\\produtos.cy.js",
      "beforeHooks": [],
      "afterHooks": [],
      "tests": [],
      "suites": [
        {
          "uuid": "7bbf1d04-ff08-49e4-b2c5-22cccb97d8b8",
          "title": "Produtos - Testes de API ServeRest",
          "fullFile": "",
          "file": "",
          "beforeHooks": [],
          "afterHooks": [],
          "tests": [
            {
              "title": "Deve validar contrato de produtos",
              "fullTitle": "Produtos - Testes de API ServeRest Deve validar contrato de produtos",
              "timedOut": null,
              "duration": 137,
              "state": "passed",
              "speed": "fast",
              "pass": true,
              "fail": false,
              "pending": false,
              "context": null,
              "code": "cy.request('produtos').then(response => {\n  _produtos.default.validateAsync(response.body);\n});",
              "err": {},
              "uuid": "58db0e07-de98-4ef6-abb5-9272c6f3ce3f",
              "parentUUID": "7bbf1d04-ff08-49e4-b2c5-22cccb97d8b8",
              "isHook": false,
              "skipped": false
            },
            {
              "title": "Deve validar a lista de produtos cadastrados com sucesso",
              "fullTitle": "Produtos - Testes de API ServeRest Deve validar a lista de produtos cadastrados com sucesso",
              "timedOut": null,
              "duration": 13,
              "state": "passed",
              "speed": "fast",
              "pass": true,
              "fail": false,
              "pending": false,
              "context": null,
              "code": "cy.api('produtos').then(response => {\n  expect(response.body.produtos[0].nome).to.include(\"Ebac\");\n  expect(response.status).to.equal(200);\n  expect(response.body).to.have.property(\"produtos\");\n  expect(response.duration).to.be.lessThan(15);\n});",
              "err": {},
              "uuid": "366f6263-9864-4652-af8f-5d9c982db702",
              "parentUUID": "7bbf1d04-ff08-49e4-b2c5-22cccb97d8b8",
              "isHook": false,
              "skipped": false
            },
            {
              "title": "Deve validar mensagem de cadastro de produto",
              "fullTitle": "Produtos - Testes de API ServeRest Deve validar mensagem de cadastro de produto",
              "timedOut": null,
              "duration": 47,
              "state": "passed",
              "speed": "fast",
              "pass": true,
              "fail": false,
              "pending": false,
              "context": null,
              "code": "cy.cadastrarProduto(produto, valor, \"Novo Produto\", qtd, token).then(response => {\n  expect(response.status).to.equal(201);\n  expect(response.body.message).to.equal(\"Cadastro realizado com sucesso\");\n  return response.body._id;\n}).then(idNew => {\n  id = idNew;\n});",
              "err": {},
              "uuid": "bcd846c6-8940-494f-b246-abf7c021a2ab",
              "parentUUID": "7bbf1d04-ff08-49e4-b2c5-22cccb97d8b8",
              "isHook": false,
              "skipped": false
            },
            {
              "title": "Deve validar mensagem de erro para cadastro de produto repetido",
              "fullTitle": "Produtos - Testes de API ServeRest Deve validar mensagem de erro para cadastro de produto repetido",
              "timedOut": null,
              "duration": 51,
              "state": "passed",
              "speed": "fast",
              "pass": true,
              "fail": false,
              "pending": false,
              "context": null,
              "code": "cy.cadastrarProduto(\"Logitech MX Keys\", 250, \"Novo Produto\", 10, token).then(response => {\n  expect(response.status).to.equal(400);\n  expect(response.body.message).to.equal(\"Já existe produto com esse nome\");\n});",
              "err": {},
              "uuid": "f065e9a9-138c-4ec2-9c69-2e4dab134fc2",
              "parentUUID": "7bbf1d04-ff08-49e4-b2c5-22cccb97d8b8",
              "isHook": false,
              "skipped": false
            },
            {
              "title": "Deve validar a edição de um produto já cadastrado",
              "fullTitle": "Produtos - Testes de API ServeRest Deve validar a edição de um produto já cadastrado",
              "timedOut": null,
              "duration": 71,
              "state": "passed",
              "speed": "fast",
              "pass": true,
              "fail": false,
              "pending": false,
              "context": null,
              "code": "cy.api({\n  method: 'PUT',\n  url: `produtos/${id}`,\n  headers: {\n    authorization: token\n  },\n  body: {\n    nome: produto,\n    preco: valor,\n    descricao: 'Produto Editado',\n    quantidade: qtd\n  }\n}).then(response => {\n  expect(response.status).to.equal(200);\n  expect(response.body.message).to.equal('Registro alterado com sucesso');\n});",
              "err": {},
              "uuid": "e6e93dd8-2594-4eaf-a3f6-2da828dbf914",
              "parentUUID": "7bbf1d04-ff08-49e4-b2c5-22cccb97d8b8",
              "isHook": false,
              "skipped": false
            },
            {
              "title": "Deve validar mensagem de erro ao tentar editar um produto enviar o campo preço",
              "fullTitle": "Produtos - Testes de API ServeRest Deve validar mensagem de erro ao tentar editar um produto enviar o campo preço",
              "timedOut": null,
              "duration": 63,
              "state": "passed",
              "speed": "fast",
              "pass": true,
              "fail": false,
              "pending": false,
              "context": null,
              "code": "cy.api({\n  method: 'PUT',\n  url: `produtos/${id}`,\n  headers: {\n    authorization: token\n  },\n  body: {\n    nome: produto,\n    descricao: 'Produto Editado',\n    quantidade: qtd\n  },\n  failOnStatusCode: false\n}).then(response => {\n  expect(response.status).to.equal(400);\n  expect(response.body.preco).to.equal('preco é obrigatório');\n});",
              "err": {},
              "uuid": "cc20683e-dd38-45b8-8a22-400b26b110fc",
              "parentUUID": "7bbf1d04-ff08-49e4-b2c5-22cccb97d8b8",
              "isHook": false,
              "skipped": false
            },
            {
              "title": "Deve validar mensagem de erro ao tentar editar um produto enviar o campo nome",
              "fullTitle": "Produtos - Testes de API ServeRest Deve validar mensagem de erro ao tentar editar um produto enviar o campo nome",
              "timedOut": null,
              "duration": 49,
              "state": "passed",
              "speed": "fast",
              "pass": true,
              "fail": false,
              "pending": false,
              "context": null,
              "code": "cy.api({\n  method: 'PUT',\n  url: `produtos/${id}`,\n  headers: {\n    authorization: token\n  },\n  body: {\n    preco: valor,\n    descricao: 'Produto Editado',\n    quantidade: qtd\n  },\n  failOnStatusCode: false\n}).then(response => {\n  expect(response.status).to.equal(400);\n  expect(response.body.nome).to.equal('nome é obrigatório');\n});",
              "err": {},
              "uuid": "0151e843-eb1d-4e0a-99fc-f3d878f62b21",
              "parentUUID": "7bbf1d04-ff08-49e4-b2c5-22cccb97d8b8",
              "isHook": false,
              "skipped": false
            },
            {
              "title": "Deve validar mensagem de erro ao tentar editar um produto enviar o campo descrição",
              "fullTitle": "Produtos - Testes de API ServeRest Deve validar mensagem de erro ao tentar editar um produto enviar o campo descrição",
              "timedOut": null,
              "duration": 54,
              "state": "passed",
              "speed": "fast",
              "pass": true,
              "fail": false,
              "pending": false,
              "context": null,
              "code": "cy.api({\n  method: 'PUT',\n  url: `produtos/${id}`,\n  headers: {\n    authorization: token\n  },\n  body: {\n    nome: produto,\n    preco: valor,\n    quantidade: qtd\n  },\n  failOnStatusCode: false\n}).then(response => {\n  expect(response.status).to.equal(400);\n  expect(response.body.descricao).to.equal('descricao é obrigatório');\n});",
              "err": {},
              "uuid": "e035ff97-5e84-40ec-9c1d-60a73c58a824",
              "parentUUID": "7bbf1d04-ff08-49e4-b2c5-22cccb97d8b8",
              "isHook": false,
              "skipped": false
            },
            {
              "title": "Deve validar mensagem de erro ao tentar editar um produto enviar o campo quantidade",
              "fullTitle": "Produtos - Testes de API ServeRest Deve validar mensagem de erro ao tentar editar um produto enviar o campo quantidade",
              "timedOut": null,
              "duration": 45,
              "state": "passed",
              "speed": "fast",
              "pass": true,
              "fail": false,
              "pending": false,
              "context": null,
              "code": "cy.api({\n  method: 'PUT',\n  url: `produtos/${id}`,\n  headers: {\n    authorization: token\n  },\n  body: {\n    nome: produto,\n    preco: valor,\n    descricao: 'Produto Editado'\n  },\n  failOnStatusCode: false\n}).then(response => {\n  expect(response.status).to.equal(400);\n  expect(response.body.quantidade).to.equal('quantidade é obrigatório');\n});",
              "err": {},
              "uuid": "f97287d9-913a-456b-a3be-5a9be1f5fc99",
              "parentUUID": "7bbf1d04-ff08-49e4-b2c5-22cccb97d8b8",
              "isHook": false,
              "skipped": false
            },
            {
              "title": "Deve validar a exclusão de um produto cadastrado",
              "fullTitle": "Produtos - Testes de API ServeRest Deve validar a exclusão de um produto cadastrado",
              "timedOut": null,
              "duration": 53,
              "state": "passed",
              "speed": "fast",
              "pass": true,
              "fail": false,
              "pending": false,
              "context": null,
              "code": "cy.api({\n  method: 'DELETE',\n  url: `produtos/${id}`,\n  headers: {\n    authorization: token\n  }\n}).then(response => {\n  expect(response.status).to.equal(200);\n  expect(response.body.message).to.equal('Registro excluído com sucesso');\n});",
              "err": {},
              "uuid": "caf8484e-4a3d-4a16-a034-92df4852bb40",
              "parentUUID": "7bbf1d04-ff08-49e4-b2c5-22cccb97d8b8",
              "isHook": false,
              "skipped": false
            }
          ],
          "suites": [],
          "passes": [
            "58db0e07-de98-4ef6-abb5-9272c6f3ce3f",
            "366f6263-9864-4652-af8f-5d9c982db702",
            "bcd846c6-8940-494f-b246-abf7c021a2ab",
            "f065e9a9-138c-4ec2-9c69-2e4dab134fc2",
            "e6e93dd8-2594-4eaf-a3f6-2da828dbf914",
            "cc20683e-dd38-45b8-8a22-400b26b110fc",
            "0151e843-eb1d-4e0a-99fc-f3d878f62b21",
            "e035ff97-5e84-40ec-9c1d-60a73c58a824",
            "f97287d9-913a-456b-a3be-5a9be1f5fc99",
            "caf8484e-4a3d-4a16-a034-92df4852bb40"
          ],
          "failures": [],
          "pending": [],
          "skipped": [],
          "duration": 583,
          "root": false,
          "rootEmpty": false,
          "_timeout": 2000
        }
      ],
      "passes": [],
      "failures": [],
      "pending": [],
      "skipped": [],
      "duration": 0,
      "root": true,
      "rootEmpty": true,
      "_timeout": 2000
    }
  ],
  "meta": {
    "mocha": {
      "version": "7.0.1"
    },
    "mochawesome": {
      "options": {
        "quiet": false,
        "reportFilename": "mochawesome",
        "saveHtml": false,
        "saveJson": true,
        "consoleReporter": "spec",
        "useInlineDiffs": false,
        "code": true
      },
      "version": "7.1.3"
    },
    "marge": {
      "options": {
        "reportDir": "mochawesome-report",
        "overwrite": false,
        "html": false,
        "json": true
      },
      "version": "6.2.0"
    }
  }
}