{
  "stats": {
    "suites": 1,
    "tests": 10,
    "passes": 10,
    "pending": 0,
    "failures": 0,
    "start": "2023-08-23T01:39:02.480Z",
    "end": "2023-08-23T01:39:03.131Z",
    "duration": 651,
    "testsRegistered": 10,
    "passPercent": 100,
    "pendingPercent": 0,
    "other": 0,
    "hasOther": false,
    "skipped": 0,
    "hasSkipped": false
  },
  "results": [
    {
      "uuid": "0482d990-e21a-4ff9-b763-7ed502cabfbf",
      "title": "",
      "fullFile": "cypress\\e2e\\produtos.cy.js",
      "file": "cypress\\e2e\\produtos.cy.js",
      "beforeHooks": [],
      "afterHooks": [],
      "tests": [],
      "suites": [
        {
          "uuid": "87c1451d-815f-4abc-8aed-b3c255fff36a",
          "title": "Produtos - Testes de API ServeRest",
          "fullFile": "",
          "file": "",
          "beforeHooks": [],
          "afterHooks": [],
          "tests": [
            {
              "title": "Deve validar contrato de produtos",
              "fullTitle": "Produtos - Testes de API ServeRest Deve validar contrato de produtos",
              "timedOut": null,
              "duration": 139,
              "state": "passed",
              "speed": "fast",
              "pass": true,
              "fail": false,
              "pending": false,
              "context": null,
              "code": "cy.request('produtos').then(response => {\n  _produtos.default.validateAsync(response.body);\n});",
              "err": {},
              "uuid": "5db69a41-1097-44f8-a2aa-68150083ae4d",
              "parentUUID": "87c1451d-815f-4abc-8aed-b3c255fff36a",
              "isHook": false,
              "skipped": false
            },
            {
              "title": "Deve validar a lista de produtos cadastrados com sucesso",
              "fullTitle": "Produtos - Testes de API ServeRest Deve validar a lista de produtos cadastrados com sucesso",
              "timedOut": null,
              "duration": 11,
              "state": "passed",
              "speed": "fast",
              "pass": true,
              "fail": false,
              "pending": false,
              "context": null,
              "code": "cy.api('produtos').then(response => {\n  expect(response.body.produtos[0].nome).to.include(\"Ebac\");\n  expect(response.status).to.equal(200);\n  expect(response.body).to.have.property(\"produtos\");\n  expect(response.duration).to.be.lessThan(15);\n});",
              "err": {},
              "uuid": "5f234bbe-13b8-41e3-853e-5bc5e8409d98",
              "parentUUID": "87c1451d-815f-4abc-8aed-b3c255fff36a",
              "isHook": false,
              "skipped": false
            },
            {
              "title": "Deve validar mensagem de cadastro de produto",
              "fullTitle": "Produtos - Testes de API ServeRest Deve validar mensagem de cadastro de produto",
              "timedOut": null,
              "duration": 49,
              "state": "passed",
              "speed": "fast",
              "pass": true,
              "fail": false,
              "pending": false,
              "context": null,
              "code": "cy.cadastrarProduto(produto, valor, \"Novo Produto\", qtd, token).then(response => {\n  expect(response.status).to.equal(201);\n  expect(response.body.message).to.equal(\"Cadastro realizado com sucesso\");\n  return response.body._id;\n}).then(idNew => {\n  id = idNew;\n});",
              "err": {},
              "uuid": "22819cac-7480-4323-8e30-6bd2fadb5898",
              "parentUUID": "87c1451d-815f-4abc-8aed-b3c255fff36a",
              "isHook": false,
              "skipped": false
            },
            {
              "title": "Deve validar mensagem de erro para cadastro de produto repetido",
              "fullTitle": "Produtos - Testes de API ServeRest Deve validar mensagem de erro para cadastro de produto repetido",
              "timedOut": null,
              "duration": 40,
              "state": "passed",
              "speed": "fast",
              "pass": true,
              "fail": false,
              "pending": false,
              "context": null,
              "code": "cy.cadastrarProduto(\"Logitech MX Keys\", 250, \"Novo Produto\", 10, token).then(response => {\n  expect(response.status).to.equal(400);\n  expect(response.body.message).to.equal(\"Já existe produto com esse nome\");\n});",
              "err": {},
              "uuid": "7fd99fe3-424b-41c2-8bbc-924aa8666897",
              "parentUUID": "87c1451d-815f-4abc-8aed-b3c255fff36a",
              "isHook": false,
              "skipped": false
            },
            {
              "title": "Deve validar a edição de um produto já cadastrado",
              "fullTitle": "Produtos - Testes de API ServeRest Deve validar a edição de um produto já cadastrado",
              "timedOut": null,
              "duration": 57,
              "state": "passed",
              "speed": "fast",
              "pass": true,
              "fail": false,
              "pending": false,
              "context": null,
              "code": "cy.api({\n  method: 'PUT',\n  url: `produtos/${id}`,\n  headers: {\n    authorization: token\n  },\n  body: {\n    nome: produto,\n    preco: valor,\n    descricao: 'Produto Editado',\n    quantidade: qtd\n  }\n}).then(response => {\n  expect(response.status).to.equal(200);\n  expect(response.body.message).to.equal('Registro alterado com sucesso');\n});",
              "err": {},
              "uuid": "f451d885-74c8-4541-9e3a-63b174eafde6",
              "parentUUID": "87c1451d-815f-4abc-8aed-b3c255fff36a",
              "isHook": false,
              "skipped": false
            },
            {
              "title": "Deve validar mensagem de erro ao tentar editar um produto enviar o campo preço",
              "fullTitle": "Produtos - Testes de API ServeRest Deve validar mensagem de erro ao tentar editar um produto enviar o campo preço",
              "timedOut": null,
              "duration": 53,
              "state": "passed",
              "speed": "fast",
              "pass": true,
              "fail": false,
              "pending": false,
              "context": null,
              "code": "cy.api({\n  method: 'PUT',\n  url: `produtos/${id}`,\n  headers: {\n    authorization: token\n  },\n  body: {\n    nome: produto,\n    descricao: 'Produto Editado',\n    quantidade: qtd\n  },\n  failOnStatusCode: false\n}).then(response => {\n  expect(response.status).to.equal(400);\n  expect(response.body.preco).to.equal('preco é obrigatório');\n});",
              "err": {},
              "uuid": "29fb1a8f-4569-4488-a8fe-723809c216ff",
              "parentUUID": "87c1451d-815f-4abc-8aed-b3c255fff36a",
              "isHook": false,
              "skipped": false
            },
            {
              "title": "Deve validar mensagem de erro ao tentar editar um produto enviar o campo nome",
              "fullTitle": "Produtos - Testes de API ServeRest Deve validar mensagem de erro ao tentar editar um produto enviar o campo nome",
              "timedOut": null,
              "duration": 60,
              "state": "passed",
              "speed": "fast",
              "pass": true,
              "fail": false,
              "pending": false,
              "context": null,
              "code": "cy.api({\n  method: 'PUT',\n  url: `produtos/${id}`,\n  headers: {\n    authorization: token\n  },\n  body: {\n    preco: valor,\n    descricao: 'Produto Editado',\n    quantidade: qtd\n  },\n  failOnStatusCode: false\n}).then(response => {\n  expect(response.status).to.equal(400);\n  expect(response.body.nome).to.equal('nome é obrigatório');\n});",
              "err": {},
              "uuid": "e365d990-de99-41a3-957e-46d34e889602",
              "parentUUID": "87c1451d-815f-4abc-8aed-b3c255fff36a",
              "isHook": false,
              "skipped": false
            },
            {
              "title": "Deve validar mensagem de erro ao tentar editar um produto enviar o campo descrição",
              "fullTitle": "Produtos - Testes de API ServeRest Deve validar mensagem de erro ao tentar editar um produto enviar o campo descrição",
              "timedOut": null,
              "duration": 70,
              "state": "passed",
              "speed": "fast",
              "pass": true,
              "fail": false,
              "pending": false,
              "context": null,
              "code": "cy.api({\n  method: 'PUT',\n  url: `produtos/${id}`,\n  headers: {\n    authorization: token\n  },\n  body: {\n    nome: produto,\n    preco: valor,\n    quantidade: qtd\n  },\n  failOnStatusCode: false\n}).then(response => {\n  expect(response.status).to.equal(400);\n  expect(response.body.descricao).to.equal('descricao é obrigatório');\n});",
              "err": {},
              "uuid": "3395a737-dc1a-4d2d-9a94-498148665b07",
              "parentUUID": "87c1451d-815f-4abc-8aed-b3c255fff36a",
              "isHook": false,
              "skipped": false
            },
            {
              "title": "Deve validar mensagem de erro ao tentar editar um produto enviar o campo quantidade",
              "fullTitle": "Produtos - Testes de API ServeRest Deve validar mensagem de erro ao tentar editar um produto enviar o campo quantidade",
              "timedOut": null,
              "duration": 55,
              "state": "passed",
              "speed": "fast",
              "pass": true,
              "fail": false,
              "pending": false,
              "context": null,
              "code": "cy.api({\n  method: 'PUT',\n  url: `produtos/${id}`,\n  headers: {\n    authorization: token\n  },\n  body: {\n    nome: produto,\n    preco: valor,\n    descricao: 'Produto Editado'\n  },\n  failOnStatusCode: false\n}).then(response => {\n  expect(response.status).to.equal(400);\n  expect(response.body.quantidade).to.equal('quantidade é obrigatório');\n});",
              "err": {},
              "uuid": "202093d0-db5b-4050-b6ce-0e69d53fb242",
              "parentUUID": "87c1451d-815f-4abc-8aed-b3c255fff36a",
              "isHook": false,
              "skipped": false
            },
            {
              "title": "Deve validar a exclusão de um produto cadastrado",
              "fullTitle": "Produtos - Testes de API ServeRest Deve validar a exclusão de um produto cadastrado",
              "timedOut": null,
              "duration": 51,
              "state": "passed",
              "speed": "fast",
              "pass": true,
              "fail": false,
              "pending": false,
              "context": null,
              "code": "cy.api({\n  method: 'DELETE',\n  url: `produtos/${id}`,\n  headers: {\n    authorization: token\n  }\n}).then(response => {\n  expect(response.status).to.equal(200);\n  expect(response.body.message).to.equal('Registro excluído com sucesso');\n});",
              "err": {},
              "uuid": "0ef4575e-cad2-43ce-8777-d8f6c9074dff",
              "parentUUID": "87c1451d-815f-4abc-8aed-b3c255fff36a",
              "isHook": false,
              "skipped": false
            }
          ],
          "suites": [],
          "passes": [
            "5db69a41-1097-44f8-a2aa-68150083ae4d",
            "5f234bbe-13b8-41e3-853e-5bc5e8409d98",
            "22819cac-7480-4323-8e30-6bd2fadb5898",
            "7fd99fe3-424b-41c2-8bbc-924aa8666897",
            "f451d885-74c8-4541-9e3a-63b174eafde6",
            "29fb1a8f-4569-4488-a8fe-723809c216ff",
            "e365d990-de99-41a3-957e-46d34e889602",
            "3395a737-dc1a-4d2d-9a94-498148665b07",
            "202093d0-db5b-4050-b6ce-0e69d53fb242",
            "0ef4575e-cad2-43ce-8777-d8f6c9074dff"
          ],
          "failures": [],
          "pending": [],
          "skipped": [],
          "duration": 585,
          "root": false,
          "rootEmpty": false,
          "_timeout": 2000
        }
      ],
      "passes": [],
      "failures": [],
      "pending": [],
      "skipped": [],
      "duration": 0,
      "root": true,
      "rootEmpty": true,
      "_timeout": 2000
    }
  ],
  "meta": {
    "mocha": {
      "version": "7.0.1"
    },
    "mochawesome": {
      "options": {
        "quiet": false,
        "reportFilename": "mochawesome",
        "saveHtml": false,
        "saveJson": true,
        "consoleReporter": "spec",
        "useInlineDiffs": false,
        "code": true
      },
      "version": "7.1.3"
    },
    "marge": {
      "options": {
        "reportDir": "mochawesome-report",
        "overwrite": false,
        "html": false,
        "json": true
      },
      "version": "6.2.0"
    }
  }
}