{
  "stats": {
    "suites": 1,
    "tests": 10,
    "passes": 10,
    "pending": 0,
    "failures": 0,
    "start": "2023-08-23T01:24:33.141Z",
    "end": "2023-08-23T01:24:33.772Z",
    "duration": 631,
    "testsRegistered": 10,
    "passPercent": 100,
    "pendingPercent": 0,
    "other": 0,
    "hasOther": false,
    "skipped": 0,
    "hasSkipped": false
  },
  "results": [
    {
      "uuid": "69cef06c-de84-4662-a456-9e2228a0d9d1",
      "title": "",
      "fullFile": "cypress\\e2e\\produtos.cy.js",
      "file": "cypress\\e2e\\produtos.cy.js",
      "beforeHooks": [],
      "afterHooks": [],
      "tests": [],
      "suites": [
        {
          "uuid": "ffefc3de-5fd3-4068-8470-1d345a3902e9",
          "title": "Produtos - Testes de API ServeRest",
          "fullFile": "",
          "file": "",
          "beforeHooks": [],
          "afterHooks": [],
          "tests": [
            {
              "title": "Deve validar contrato de produtos",
              "fullTitle": "Produtos - Testes de API ServeRest Deve validar contrato de produtos",
              "timedOut": null,
              "duration": 129,
              "state": "passed",
              "speed": "fast",
              "pass": true,
              "fail": false,
              "pending": false,
              "context": null,
              "code": "cy.request('produtos').then(response => {\n  _produtos.default.validateAsync(response.body);\n});",
              "err": {},
              "uuid": "618128dd-9cfe-429e-b8c2-8559a4b1ffc3",
              "parentUUID": "ffefc3de-5fd3-4068-8470-1d345a3902e9",
              "isHook": false,
              "skipped": false
            },
            {
              "title": "Deve validar a lista de produtos cadastrados com sucesso",
              "fullTitle": "Produtos - Testes de API ServeRest Deve validar a lista de produtos cadastrados com sucesso",
              "timedOut": null,
              "duration": 13,
              "state": "passed",
              "speed": "fast",
              "pass": true,
              "fail": false,
              "pending": false,
              "context": null,
              "code": "cy.api('produtos').then(response => {\n  expect(response.body.produtos[0].nome).to.include(\"Ebac\");\n  expect(response.status).to.equal(200);\n  expect(response.body).to.have.property(\"produtos\");\n  expect(response.duration).to.be.lessThan(15);\n});",
              "err": {},
              "uuid": "b2009b76-22a3-47a5-a45d-72c7115bf00f",
              "parentUUID": "ffefc3de-5fd3-4068-8470-1d345a3902e9",
              "isHook": false,
              "skipped": false
            },
            {
              "title": "Deve validar mensagem de cadastro de produto",
              "fullTitle": "Produtos - Testes de API ServeRest Deve validar mensagem de cadastro de produto",
              "timedOut": null,
              "duration": 46,
              "state": "passed",
              "speed": "fast",
              "pass": true,
              "fail": false,
              "pending": false,
              "context": null,
              "code": "cy.cadastrarProduto(produto, valor, \"Novo Produto\", qtd, token).then(response => {\n  expect(response.status).to.equal(201);\n  expect(response.body.message).to.equal(\"Cadastro realizado com sucesso\");\n  return response.body._id;\n}).then(idNew => {\n  id = idNew;\n});",
              "err": {},
              "uuid": "4a1a4066-cf3b-476a-bf52-f9f1c9a865c9",
              "parentUUID": "ffefc3de-5fd3-4068-8470-1d345a3902e9",
              "isHook": false,
              "skipped": false
            },
            {
              "title": "Deve validar mensagem de erro para cadastro de produto repetido",
              "fullTitle": "Produtos - Testes de API ServeRest Deve validar mensagem de erro para cadastro de produto repetido",
              "timedOut": null,
              "duration": 48,
              "state": "passed",
              "speed": "fast",
              "pass": true,
              "fail": false,
              "pending": false,
              "context": null,
              "code": "cy.cadastrarProduto(\"Logitech MX Keys\", 250, \"Novo Produto\", 10, token).then(response => {\n  expect(response.status).to.equal(400);\n  expect(response.body.message).to.equal(\"Já existe produto com esse nome\");\n});",
              "err": {},
              "uuid": "5491fabd-53c0-4dc7-bf02-33e777aabb49",
              "parentUUID": "ffefc3de-5fd3-4068-8470-1d345a3902e9",
              "isHook": false,
              "skipped": false
            },
            {
              "title": "Deve validar a edição de um produto já cadastrado",
              "fullTitle": "Produtos - Testes de API ServeRest Deve validar a edição de um produto já cadastrado",
              "timedOut": null,
              "duration": 47,
              "state": "passed",
              "speed": "fast",
              "pass": true,
              "fail": false,
              "pending": false,
              "context": null,
              "code": "cy.api({\n  method: 'PUT',\n  url: `produtos/${id}`,\n  headers: {\n    authorization: token\n  },\n  body: {\n    nome: produto,\n    preco: valor,\n    descricao: 'Produto Editado',\n    quantidade: qtd\n  }\n}).then(response => {\n  expect(response.status).to.equal(200);\n  expect(response.body.message).to.equal('Registro alterado com sucesso');\n});",
              "err": {},
              "uuid": "8a721176-0594-4e25-9b99-5f6f14f331ff",
              "parentUUID": "ffefc3de-5fd3-4068-8470-1d345a3902e9",
              "isHook": false,
              "skipped": false
            },
            {
              "title": "Deve validar mensagem de erro ao tentar editar um produto enviar o campo preço",
              "fullTitle": "Produtos - Testes de API ServeRest Deve validar mensagem de erro ao tentar editar um produto enviar o campo preço",
              "timedOut": null,
              "duration": 55,
              "state": "passed",
              "speed": "fast",
              "pass": true,
              "fail": false,
              "pending": false,
              "context": null,
              "code": "cy.api({\n  method: 'PUT',\n  url: `produtos/${id}`,\n  headers: {\n    authorization: token\n  },\n  body: {\n    nome: produto,\n    descricao: 'Produto Editado',\n    quantidade: qtd\n  },\n  failOnStatusCode: false\n}).then(response => {\n  expect(response.status).to.equal(400);\n  expect(response.body.preco).to.equal('preco é obrigatório');\n});",
              "err": {},
              "uuid": "8d33f305-67f0-4b5a-965b-fded18e7733b",
              "parentUUID": "ffefc3de-5fd3-4068-8470-1d345a3902e9",
              "isHook": false,
              "skipped": false
            },
            {
              "title": "Deve validar mensagem de erro ao tentar editar um produto enviar o campo nome",
              "fullTitle": "Produtos - Testes de API ServeRest Deve validar mensagem de erro ao tentar editar um produto enviar o campo nome",
              "timedOut": null,
              "duration": 48,
              "state": "passed",
              "speed": "fast",
              "pass": true,
              "fail": false,
              "pending": false,
              "context": null,
              "code": "cy.api({\n  method: 'PUT',\n  url: `produtos/${id}`,\n  headers: {\n    authorization: token\n  },\n  body: {\n    preco: valor,\n    descricao: 'Produto Editado',\n    quantidade: qtd\n  },\n  failOnStatusCode: false\n}).then(response => {\n  expect(response.status).to.equal(400);\n  expect(response.body.nome).to.equal('nome é obrigatório');\n});",
              "err": {},
              "uuid": "57561b76-beaf-4095-9da1-15f83760a723",
              "parentUUID": "ffefc3de-5fd3-4068-8470-1d345a3902e9",
              "isHook": false,
              "skipped": false
            },
            {
              "title": "Deve validar mensagem de erro ao tentar editar um produto enviar o campo descrição",
              "fullTitle": "Produtos - Testes de API ServeRest Deve validar mensagem de erro ao tentar editar um produto enviar o campo descrição",
              "timedOut": null,
              "duration": 60,
              "state": "passed",
              "speed": "fast",
              "pass": true,
              "fail": false,
              "pending": false,
              "context": null,
              "code": "cy.api({\n  method: 'PUT',\n  url: `produtos/${id}`,\n  headers: {\n    authorization: token\n  },\n  body: {\n    nome: produto,\n    preco: valor,\n    quantidade: qtd\n  },\n  failOnStatusCode: false\n}).then(response => {\n  expect(response.status).to.equal(400);\n  expect(response.body.descricao).to.equal('descricao é obrigatório');\n});",
              "err": {},
              "uuid": "f6242678-2e03-46c8-a943-e0f66d492bb0",
              "parentUUID": "ffefc3de-5fd3-4068-8470-1d345a3902e9",
              "isHook": false,
              "skipped": false
            },
            {
              "title": "Deve validar mensagem de erro ao tentar editar um produto enviar o campo quantidade",
              "fullTitle": "Produtos - Testes de API ServeRest Deve validar mensagem de erro ao tentar editar um produto enviar o campo quantidade",
              "timedOut": null,
              "duration": 64,
              "state": "passed",
              "speed": "fast",
              "pass": true,
              "fail": false,
              "pending": false,
              "context": null,
              "code": "cy.api({\n  method: 'PUT',\n  url: `produtos/${id}`,\n  headers: {\n    authorization: token\n  },\n  body: {\n    nome: produto,\n    preco: valor,\n    descricao: 'Produto Editado'\n  },\n  failOnStatusCode: false\n}).then(response => {\n  expect(response.status).to.equal(400);\n  expect(response.body.quantidade).to.equal('quantidade é obrigatório');\n});",
              "err": {},
              "uuid": "170424ee-d82c-4a7e-9334-63842ac9ce21",
              "parentUUID": "ffefc3de-5fd3-4068-8470-1d345a3902e9",
              "isHook": false,
              "skipped": false
            },
            {
              "title": "Deve validar a exclusão de um produto cadastrado",
              "fullTitle": "Produtos - Testes de API ServeRest Deve validar a exclusão de um produto cadastrado",
              "timedOut": null,
              "duration": 66,
              "state": "passed",
              "speed": "fast",
              "pass": true,
              "fail": false,
              "pending": false,
              "context": null,
              "code": "cy.api({\n  method: 'DELETE',\n  url: `produtos/${id}`,\n  headers: {\n    authorization: token\n  }\n}).then(response => {\n  expect(response.status).to.equal(200);\n  expect(response.body.message).to.equal('Registro excluído com sucesso');\n});",
              "err": {},
              "uuid": "d368d8e3-3af2-45ef-a50f-05cb0855d1eb",
              "parentUUID": "ffefc3de-5fd3-4068-8470-1d345a3902e9",
              "isHook": false,
              "skipped": false
            }
          ],
          "suites": [],
          "passes": [
            "618128dd-9cfe-429e-b8c2-8559a4b1ffc3",
            "b2009b76-22a3-47a5-a45d-72c7115bf00f",
            "4a1a4066-cf3b-476a-bf52-f9f1c9a865c9",
            "5491fabd-53c0-4dc7-bf02-33e777aabb49",
            "8a721176-0594-4e25-9b99-5f6f14f331ff",
            "8d33f305-67f0-4b5a-965b-fded18e7733b",
            "57561b76-beaf-4095-9da1-15f83760a723",
            "f6242678-2e03-46c8-a943-e0f66d492bb0",
            "170424ee-d82c-4a7e-9334-63842ac9ce21",
            "d368d8e3-3af2-45ef-a50f-05cb0855d1eb"
          ],
          "failures": [],
          "pending": [],
          "skipped": [],
          "duration": 576,
          "root": false,
          "rootEmpty": false,
          "_timeout": 2000
        }
      ],
      "passes": [],
      "failures": [],
      "pending": [],
      "skipped": [],
      "duration": 0,
      "root": true,
      "rootEmpty": true,
      "_timeout": 2000
    }
  ],
  "meta": {
    "mocha": {
      "version": "7.0.1"
    },
    "mochawesome": {
      "options": {
        "quiet": false,
        "reportFilename": "mochawesome",
        "saveHtml": false,
        "saveJson": true,
        "consoleReporter": "spec",
        "useInlineDiffs": false,
        "code": true
      },
      "version": "7.1.3"
    },
    "marge": {
      "options": {
        "reportDir": "mochawesome-report",
        "overwrite": false,
        "html": false,
        "json": true
      },
      "version": "6.2.0"
    }
  }
}